Config: missing or malformed argument for option: clean
line 1 column 1 - Error: <book> is not recognized!
line 1 column 1 - Warning: missing <!DOCTYPE> declaration
line 1 column 1 - Warning: discarding unexpected <book>
line 3 column 2 - Error: <bookinfo> is not recognized!
line 3 column 2 - Warning: discarding unexpected <bookinfo>
line 4 column 1 - Warning: too many title elements in <head>
line 4 column 1 - Info: <head> previously mentioned
line 5 column 3 - Error: <author> is not recognized!
line 5 column 3 - Warning: discarding unexpected <author>
line 6 column 1 - Error: <surname> is not recognized!
line 6 column 1 - Warning: discarding unexpected <surname>
line 6 column 10 - Warning: plain text isn't allowed in <head> elements
line 1 column 1 - Info: <head> previously mentioned
line 6 column 10 - Warning: inserting implicit <body>
line 6 column 23 - Warning: discarding unexpected </surname>
line 7 column 3 - Warning: discarding unexpected </author>
line 8 column 1 - Error: <date> is not recognized!
line 8 column 1 - Warning: discarding unexpected <date>
line 8 column 17 - Warning: discarding unexpected </date>
line 9 column 2 - Warning: discarding unexpected </bookinfo>
line 11 column 2 - Error: <chapter> is not recognized!
1755 warnings, 875 errors were found! Not all warnings/errors were shown.

This document has errors that must be fixed before
using HTML Tidy to generate a tidied up version.

To learn more about HTML Tidy see http://tidy.sourceforge.net
Please fill bug reports and queries using the "tracker" on the Tidy web site.
Additionally, questions can be sent to html-tidy@w3.org
HTML and CSS specifications are available from http://www.w3.org/
Lobby your company to join W3C, see http://www.w3.org/Consortium
